Microsoft (R) Help Compiler
HCRTF 4.03.0002
Copyright (c) Microsoft Corp 1990 - 1995. All rights reserved.
marc2.hpj
    HC3079: Warning: marc2.hpj : 
	The alias string "HID_SC_MINIMIZE" has already been aliased:
	HID_SC_MINIMIZE = AFX_HIDP_default
.
    HC1002: Note: 
	Using existing phrase table: DiskArc.ph.
    HC1012: Note: topic #6 of D:\Marat\MArc\MArc2\hlp\.\afxcore.rtf : 
	Table cell borders are not supported.
    HC1012: Note: topic #7 of D:\Marat\MArc\MArc2\hlp\.\afxcore.rtf : 
	Table cell borders are not supported.
    HC1012: Note: topic #8 of D:\Marat\MArc\MArc2\hlp\.\afxcore.rtf : 
	Table cell borders are not supported.
    HC1012: Note: topic #9 of D:\Marat\MArc\MArc2\hlp\.\afxcore.rtf : 
	Table cell borders are not supported.
    HC1010: Note: 
	The following mapped Topic IDs were not used in any topic:
	HIDR_ROOM_POPUP
	HID_WINDOW_TILE_VERT
	AFX_HIDP_GET_NOT_SUPPORTED
	HID_HT_OBJECT
	HID_SHOWINFO
	HID_SHOWTREE
	AFX_HIDD_FILEOPEN
	AFX_HIDD_FILESAVE
	AFX_HIDP_SQL_BOOKMARKS_NOT_ENABLED
	HID_EDIT_REPEAT
	HID_SC_CLOSE
	HID_REGISTER
	HIDR_LOG_POPUP
	HID_FILE_PRINT_PREVIEW
	HID_SC_RESTORE
	AFX_HIDD_PRINTDLG
	HID_RECORD_FIRST
	HID_EDIT_SELECT_ALL
	HID_EDIT_CLEAR
	HID_FILE_UPDATE
	HID_EDIT_PASTE
	AFX_HIDW_RESIZE_BAR
	AFX_HIDP_SQL_NO_DATA_FOUND
	AFX_HIDP_SQL_EMPTY_COLUMN_LIST
	HID_FILE_SEND_MAIL
	AFX_HIDP_SQL_ODBC_LOAD_FAILED
	AFX_HIDP_FAILED_TO_CREATE
	AFX_HIDD_BUSY
	AFX_HIDD_FIND
	AFX_HIDD_FONT
	AFX_HIDP_ARCH_NONE
	HID_RECORD_LAST
	HID_RECORD_NEXT
	HID_RECORD_PREV
	HID_EDIT_COPY
	HID_EDIT_FIND
	HID_EDIT_REDO
	HID_EDIT_UNDO
	AFX_HIDD_OBJECTPROPERTIES
	AFX_HIDP_UNREG_FAILURE
	AFX_HIDP_SQL_BOOKMARKS_NOT_SUPPORTED
	AFX_HIDP_FILE_TOO_MANY_OPEN
	AFX_HIDP_SQL_FIELD_NOT_FOUND
	AFX_HIDP_FILE_ACCESS_DENIED
	HID_FILE_SAVE_COPY_AS
	AFX_HIDD_CONVERT
	HID_SKIP_DISK
	HID_SC_PREVWINDOW
	AFX_HIDP_ASK_TO_DISCARD
	AFX_HIDP_SQL_FIELD_SCHEMA_MISMATCH
	AFX_HIDP_SQL_LOCK_MODE_NOT_SUPPORTED
	HID_FORMAT_FONT
	AFX_HIDP_FILE_HARD_IO
	AFX_HIDD_CHANGESOURCE
	HID_LOCATOR_ADD_EXCL_FOLDER
	HID_HT_NOWHERE
	HID_COPIES_THISISCOPIESLIST
	AFX_HIDP_FILE_NOT_FOUND
	HIDR_COPIES_POPUP
	AFX_HIDW_DOCKBAR_TOP
	HID_SC_TASKLIST
	AFX_HIDP_DAO_DFX_BIND
	AFX_HIDW_TOOLBAR
	AFX_HIDP_SQL_ODBC_V2_REQUIRED
	AFX_HIDP_SQL_NO_ROWS_AFFECTED
	HID_HELP_INDEX
	HID_OLE_EDIT_CONVERT
	HID_HELP_USING
	AFX_HIDP_SQL_SQL_CONFORMANCE
	AFX_HIDD_INSERTOBJECT
	AFX_HIDP_SQL_RECORDSET_READONLY
	HIDR_LOCATOR_POPUP
	AFX_HIDP_PARSE_RADIO_BUTTON
	HIDR_FILETOARC_POPUP
	HID_EDIT_PASTE_SPECIAL
	AFX_HIDP_DAO_ROWTOOSHORT
	HID_SC_MOVE
	HID_SC_SIZE
	AFX_HIDP_SQL_INCORRECT_ODBC
	AFX_HIDP_NO_ERROR_AVAILABLE
	HID_SC_MAXIMIZE
	AFX_HIDW_DOCKBAR_BOTTOM
	HID_PREV_PANE
	AFX_HIDP_FILE_DIR_FULL
	HIDR_MENU__DUMMY__
	AFX_HIDP_DAO_BADBINDINFO
	AFX_HIDP_SQL_UPDATE_DELETE_FAILED
	AFX_HIDP_PARSE_DATETIME
	HID_VIEW_TOOLBAR
	HID_OLE_EDIT_CHANGE_ICON
	AFX_HIDP_ARCH_ENDOFFILE
	AFX_HIDP_SQL_SQL_NO_TOTAL
	AFX_HIDP_SQL_CONNECT_FAIL
	AFX_HIDW_STATUS_BAR
	AFX_HIDP_SQL_API_CONFORMANCE
	HID_OLE_EDIT_PROPERTIES
	AFX_HIDP_FILE_DISKFULL
	HID_FILE_SAVE_AS
	HID_FILE_PAGE_SETUP
	AFX_HIDW_DOCKBAR_LEFT
	AFX_HIDP_FILE_REMOVE_CURRENT
	AFX_HIDP_ARCH_BADCLASS
	AFX_HIDP_SQL_NO_POSITIONED_UPDATES
	HID_OLE_VERB_1
	HID_OLE_VERB_1
	HID_OLE_VERB_1
	HID_OLE_VERB_1
	HID_OLE_VERB_1
	HID_OLE_VERB_1
	HID_OLE_VERB_1
	HID_OLE_VERB_1
	HID_OLE_VERB_1
	HID_OLE_VERB_1
	HID_OLE_VERB_1
	HID_OLE_VERB_1
	HID_OLE_VERB_1
	HID_OLE_VERB_1
	HID_OLE_VERB_1
	HID_OLE_VERB_1
	AFX_HIDP_ARCH_BADINDEX
	HID_WIZBACK
	HID_WIZNEXT
	AFX_HIDP_PARSE_CURRENCY
	AFX_HIDP_FILE_NONE
	AFX_HIDW_PREVIEW_BAR
	HIDR_COPY_POPUP
	HID_FILE_PRINT_SETUP
	AFX_HIDP_FAILED_TO_CONVERT
	AFX_HIDP_FILE_EOF
	HID_HT_CAPTION
	AFX_HIDP_FILE_LOCKING
	HIDR_FILESTOARC_POPUP
	AFX_HIDP_SQL_ILLEGAL_MODE
	AFX_HIDD_PREVIEW_TOOLBAR
	HID_WINDOW_ARRANGE
	AFX_HIDP_SQL_NO_CURRENT_RECORD
	AFX_HIDP_FILE_BAD_PATH
	AFX_HIDP_FILE_BAD_SEEK
	HIDR_LOCATOR_EXCL_POPUP
	AFX_HIDP_SQL_ROW_UPDATE_NOT_SUPPORTED
	AFX_HIDP_FAILED_MAPI_LOAD
	AFX_HIDP_FAILED_MAPI_SEND
	HID_EDIT_REPLACE
	AFX_HIDP_FILE_SHARING
	HID_FILE_NEW
	HID_COPY_PROPERTIES
	HIDD_INPUT_STRING_DIALOG
	HID_FILE_PRINT_DIRECT
	HID_FILE_CLOSE
	HID_FILE_MRU_FILE1
	HID_FILE_MRU_FILE1
	HID_FILE_MRU_FILE1
	HID_FILE_MRU_FILE1
	HID_FILE_MRU_FILE1
	HID_FILE_MRU_FILE1
	HID_FILE_MRU_FILE1
	HID_FILE_MRU_FILE1
	HID_FILE_MRU_FILE1
	HID_FILE_MRU_FILE1
	HID_FILE_MRU_FILE1
	HID_FILE_MRU_FILE1
	HID_FILE_MRU_FILE1
	HID_FILE_MRU_FILE1
	HID_FILE_MRU_FILE1
	HID_FILE_MRU_FILE1
	HIDR_ROOMS_POPUP
	HID_FILE_PRINT
	AFX_HIDP_DLL_LOAD_FAILED
	AFX_HIDP_SQL_DYNASET_NOT_SUPPORTED
	AFX_HIDD_PRINTSETUP
	AFX_HIDP_SQL_ROW_FETCH
	HID_VIEW_STATUS_BAR
	AFX_HIDP_SET_NOT_SUPPORTED
	AFX_HIDD_CHANGEICON
	AFX_HIDP_DLL_BAD_VERSION
	AFX_HIDP_ARCH_BADSCHEMA
	AFX_HIDD_FILEBROWSE
	HIDR_MARC2TYPE
	HID_WINDOW_NEW
	HID_CONTEXT_HELP
	AFX_HIDD_EDITLINKS
	AFX_HIDP_SQL_DATA_TRUNCATED
	HID_INDICATOR_FILES
	HID_HT_HELP
	HID_WIZFINISH
	AFX_HIDP_INVALID_MAPI_DLL
	AFX_HIDD_PREVIEW_SHORTTOOLBAR
	AFX_HIDP_DAO_OBJECT_NOT_OPEN
	AFX_HIDP_ARCH_WRITEONLY
	HID_OLE_EDIT_LINKS
	AFX_HIDP_SQL_MULTIPLE_ROWS_AFFECTED
	AFX_HIDD_COLOR
	HID_SC_MINIMIZE
55	Topics
74	Jumps
36	Keywords
19	Bitmaps


Created D:\Marat\MArc\MArc2\hlp\DiskArc.HLP, 33,926 bytes
Bitmaps: 3,087 bytes
Phrase+Zeck compression decreased help file by 10,894 bytes.
Compile time: 0 minutes, 0 seconds
6 notes, 1 warning
